2022-07-04 12:41:26,507 INFO o.s.b.StartupInfoLogger [restartedMain] Starting UserManagementApplication using Java 17.0.3 on LAPTOP-NHFPCA9R with PID 9260 (C:\sts\UserManagement\target\classes started by HP in C:\sts\UserManagement)
2022-07-04 12:41:26,533 DEBUG o.s.b.StartupInfoLogger [restartedMain] Running with Spring Boot v2.7.1, Spring v5.3.21
2022-07-04 12:41:26,536 INFO o.s.b.SpringApplication [restartedMain] No active profile set, falling back to 1 default profile: "default"
2022-07-04 12:41:26,632 INFO o.s.b.l.DeferredLog [restartedMain] Devtools property defaults active! Set 'spring.devtools.add-properties' to 'false' to disable
2022-07-04 12:41:26,633 INFO o.s.b.l.DeferredLog [restartedMain] For additional web related logging consider setting the 'logging.level.web' property to 'DEBUG'
2022-07-04 12:41:27,782 INFO o.s.d.r.c.RepositoryConfigurationDelegate [restartedMain] Bootstrapping Spring Data JPA repositories in DEFAULT mode.
2022-07-04 12:41:27,896 INFO o.s.d.r.c.RepositoryConfigurationDelegate [restartedMain] Finished Spring Data repository scanning in 87 ms. Found 1 JPA repository interfaces.
2022-07-04 12:41:29,275 INFO o.s.b.w.e.t.TomcatWebServer [restartedMain] Tomcat initialized with port(s): 8020 (http)
2022-07-04 12:41:29,319 INFO o.a.j.l.DirectJDKLog [restartedMain] Initializing ProtocolHandler ["http-nio-8020"]
2022-07-04 12:41:29,321 INFO o.a.j.l.DirectJDKLog [restartedMain] Starting service [Tomcat]
2022-07-04 12:41:29,322 INFO o.a.j.l.DirectJDKLog [restartedMain] Starting Servlet engine: [Apache Tomcat/9.0.64]
2022-07-04 12:41:29,699 INFO o.a.j.l.DirectJDKLog [restartedMain] Initializing Spring embedded WebApplicationContext
2022-07-04 12:41:29,699 INFO o.s.b.w.s.c.ServletWebServerApplicationContext [restartedMain] Root WebApplicationContext: initialization completed in 3065 ms
2022-07-04 12:41:30,019 INFO o.h.j.i.u.LogHelper [restartedMain] HHH000204: Processing PersistenceUnitInfo [name: default]
2022-07-04 12:41:30,108 INFO o.h.Version [restartedMain] HHH000412: Hibernate ORM core version 5.6.9.Final
2022-07-04 12:41:30,437 INFO o.h.a.c.r.j.JavaReflectionManager [restartedMain] HCANN000001: Hibernate Commons Annotations {5.1.2.Final}
2022-07-04 12:41:30,677 INFO c.z.h.HikariDataSource [restartedMain] HikariPool-1 - Starting...
2022-07-04 12:41:31,275 INFO c.z.h.HikariDataSource [restartedMain] HikariPool-1 - Start completed.
2022-07-04 12:41:31,308 INFO o.h.d.Dialect [restartedMain] HHH000400: Using dialect: org.hibernate.dialect.MySQL8Dialect
2022-07-04 12:41:32,458 INFO o.h.e.t.j.p.i.JtaPlatformInitiator [restartedMain] HHH000490: Using JtaPlatform implementation: [org.hibernate.engine.transaction.jta.platform.internal.NoJtaPlatform]
2022-07-04 12:41:32,473 INFO o.s.o.j.AbstractEntityManagerFactoryBean [restartedMain] Initialized JPA EntityManagerFactory for persistence unit 'default'
2022-07-04 12:41:33,119 WARN o.s.b.a.o.j.JpaBaseConfiguration$JpaWebConfiguration [restartedMain] spring.jpa.open-in-view is enabled by default. Therefore, database queries may be performed during view rendering. Explicitly configure spring.jpa.open-in-view to disable this warning
2022-07-04 12:41:33,753 INFO o.s.b.d.a.OptionalLiveReloadServer [restartedMain] LiveReload server is running on port 35729
2022-07-04 12:41:33,779 INFO o.a.j.l.DirectJDKLog [restartedMain] Starting ProtocolHandler ["http-nio-8020"]
2022-07-04 12:41:33,838 INFO o.s.b.w.e.t.TomcatWebServer [restartedMain] Tomcat started on port(s): 8020 (http) with context path ''
2022-07-04 12:41:33,857 INFO o.s.b.StartupInfoLogger [restartedMain] Started UserManagementApplication in 8.036 seconds (JVM running for 10.134)
2022-07-04 12:41:33,862 DEBUG c.c.UserManagementApplication [restartedMain] Debugging log
2022-07-04 12:41:33,863 INFO c.c.UserManagementApplication [restartedMain] Info log
2022-07-04 12:41:33,863 WARN c.c.UserManagementApplication [restartedMain] Hey, This is a warning!
2022-07-04 12:41:33,864 ERROR c.c.UserManagementApplication [restartedMain] Oops! We have an Error. OK
2022-07-04 12:41:33,864 FATAL c.c.UserManagementApplication [restartedMain] Damn! Fatal error. Please fix me.
2022-07-04 12:42:02,917 INFO o.s.o.j.AbstractEntityManagerFactoryBean [Thread-5] Closing JPA EntityManagerFactory for persistence unit 'default'
2022-07-04 12:42:02,924 INFO c.z.h.HikariDataSource [Thread-5] HikariPool-1 - Shutdown initiated...
2022-07-04 12:42:02,948 INFO c.z.h.HikariDataSource [Thread-5] HikariPool-1 - Shutdown completed.
2022-07-04 12:42:03,127 INFO o.s.b.StartupInfoLogger [restartedMain] Starting UserManagementApplication using Java 17.0.3 on LAPTOP-NHFPCA9R with PID 9260 (C:\sts\UserManagement\target\classes started by HP in C:\sts\UserManagement)
2022-07-04 12:42:03,129 DEBUG o.s.b.StartupInfoLogger [restartedMain] Running with Spring Boot v2.7.1, Spring v5.3.21
2022-07-04 12:42:03,130 INFO o.s.b.SpringApplication [restartedMain] No active profile set, falling back to 1 default profile: "default"
2022-07-04 12:42:03,567 INFO o.s.d.r.c.RepositoryConfigurationDelegate [restartedMain] Bootstrapping Spring Data JPA repositories in DEFAULT mode.
2022-07-04 12:42:03,589 INFO o.s.d.r.c.RepositoryConfigurationDelegate [restartedMain] Finished Spring Data repository scanning in 20 ms. Found 1 JPA repository interfaces.
2022-07-04 12:42:03,761 INFO o.s.b.w.e.t.TomcatWebServer [restartedMain] Tomcat initialized with port(s): 8020 (http)
2022-07-04 12:42:03,764 INFO o.a.j.l.DirectJDKLog [restartedMain] Initializing ProtocolHandler ["http-nio-8020"]
2022-07-04 12:42:03,765 INFO o.a.j.l.DirectJDKLog [restartedMain] Starting service [Tomcat]
2022-07-04 12:42:03,766 INFO o.a.j.l.DirectJDKLog [restartedMain] Starting Servlet engine: [Apache Tomcat/9.0.64]
2022-07-04 12:42:03,822 INFO o.a.j.l.DirectJDKLog [restartedMain] Initializing Spring embedded WebApplicationContext
2022-07-04 12:42:03,823 INFO o.s.b.w.s.c.ServletWebServerApplicationContext [restartedMain] Root WebApplicationContext: initialization completed in 686 ms
2022-07-04 12:42:03,894 INFO o.h.j.i.u.LogHelper [restartedMain] HHH000204: Processing PersistenceUnitInfo [name: default]
2022-07-04 12:42:03,904 INFO c.z.h.HikariDataSource [restartedMain] HikariPool-2 - Starting...
2022-07-04 12:42:03,943 INFO c.z.h.HikariDataSource [restartedMain] HikariPool-2 - Start completed.
2022-07-04 12:42:03,945 INFO o.h.d.Dialect [restartedMain] HHH000400: Using dialect: org.hibernate.dialect.MySQL8Dialect
2022-07-04 12:42:04,014 INFO o.h.e.t.j.p.i.JtaPlatformInitiator [restartedMain] HHH000490: Using JtaPlatform implementation: [org.hibernate.engine.transaction.jta.platform.internal.NoJtaPlatform]
2022-07-04 12:42:04,015 INFO o.s.o.j.AbstractEntityManagerFactoryBean [restartedMain] Initialized JPA EntityManagerFactory for persistence unit 'default'
2022-07-04 12:42:04,194 WARN o.s.b.a.o.j.JpaBaseConfiguration$JpaWebConfiguration [restartedMain] spring.jpa.open-in-view is enabled by default. Therefore, database queries may be performed during view rendering. Explicitly configure spring.jpa.open-in-view to disable this warning
2022-07-04 12:42:04,400 INFO o.s.b.d.a.OptionalLiveReloadServer [restartedMain] LiveReload server is running on port 35729
2022-07-04 12:42:04,412 INFO o.a.j.l.DirectJDKLog [restartedMain] Starting ProtocolHandler ["http-nio-8020"]
2022-07-04 12:42:04,427 INFO o.s.b.w.e.t.TomcatWebServer [restartedMain] Tomcat started on port(s): 8020 (http) with context path ''
2022-07-04 12:42:04,435 INFO o.s.b.StartupInfoLogger [restartedMain] Started UserManagementApplication in 1.407 seconds (JVM running for 40.711)
2022-07-04 12:42:04,438 DEBUG c.c.UserManagementApplication [restartedMain] Debugging log
2022-07-04 12:42:04,439 INFO c.c.UserManagementApplication [restartedMain] Info log
2022-07-04 12:42:04,439 WARN c.c.UserManagementApplication [restartedMain] Hey, This is a warning!
2022-07-04 12:42:04,440 ERROR c.c.UserManagementApplication [restartedMain] Oops! We have an Error. OK
2022-07-04 12:42:04,440 FATAL c.c.UserManagementApplication [restartedMain] Damn! Fatal error. Please fix me.
2022-07-04 12:42:04,443 INFO o.s.b.d.a.ConditionEvaluationDeltaLoggingListener [restartedMain] Condition evaluation unchanged
2022-07-04 12:42:16,110 INFO o.s.o.j.AbstractEntityManagerFactoryBean [Thread-7] Closing JPA EntityManagerFactory for persistence unit 'default'
2022-07-04 12:42:16,111 INFO c.z.h.HikariDataSource [Thread-7] HikariPool-2 - Shutdown initiated...
2022-07-04 12:42:16,125 INFO c.z.h.HikariDataSource [Thread-7] HikariPool-2 - Shutdown completed.
2022-07-04 12:42:16,259 INFO o.s.b.StartupInfoLogger [restartedMain] Starting UserManagementApplication using Java 17.0.3 on LAPTOP-NHFPCA9R with PID 9260 (C:\sts\UserManagement\target\classes started by HP in C:\sts\UserManagement)
2022-07-04 12:42:16,261 DEBUG o.s.b.StartupInfoLogger [restartedMain] Running with Spring Boot v2.7.1, Spring v5.3.21
2022-07-04 12:42:16,261 INFO o.s.b.SpringApplication [restartedMain] No active profile set, falling back to 1 default profile: "default"
2022-07-04 12:42:16,632 INFO o.s.d.r.c.RepositoryConfigurationDelegate [restartedMain] Bootstrapping Spring Data JPA repositories in DEFAULT mode.
2022-07-04 12:42:16,658 INFO o.s.d.r.c.RepositoryConfigurationDelegate [restartedMain] Finished Spring Data repository scanning in 24 ms. Found 1 JPA repository interfaces.
2022-07-04 12:42:16,805 INFO o.s.b.w.e.t.TomcatWebServer [restartedMain] Tomcat initialized with port(s): 8020 (http)
2022-07-04 12:42:16,807 INFO o.a.j.l.DirectJDKLog [restartedMain] Initializing ProtocolHandler ["http-nio-8020"]
2022-07-04 12:42:16,808 INFO o.a.j.l.DirectJDKLog [restartedMain] Starting service [Tomcat]
2022-07-04 12:42:16,809 INFO o.a.j.l.DirectJDKLog [restartedMain] Starting Servlet engine: [Apache Tomcat/9.0.64]
2022-07-04 12:42:16,856 INFO o.a.j.l.DirectJDKLog [restartedMain] Initializing Spring embedded WebApplicationContext
2022-07-04 12:42:16,857 INFO o.s.b.w.s.c.ServletWebServerApplicationContext [restartedMain] Root WebApplicationContext: initialization completed in 589 ms
2022-07-04 12:42:16,913 INFO o.h.j.i.u.LogHelper [restartedMain] HHH000204: Processing PersistenceUnitInfo [name: default]
2022-07-04 12:42:16,923 INFO c.z.h.HikariDataSource [restartedMain] HikariPool-3 - Starting...
2022-07-04 12:42:16,955 INFO c.z.h.HikariDataSource [restartedMain] HikariPool-3 - Start completed.
2022-07-04 12:42:16,956 INFO o.h.d.Dialect [restartedMain] HHH000400: Using dialect: org.hibernate.dialect.MySQL8Dialect
2022-07-04 12:42:17,018 INFO o.h.e.t.j.p.i.JtaPlatformInitiator [restartedMain] HHH000490: Using JtaPlatform implementation: [org.hibernate.engine.transaction.jta.platform.internal.NoJtaPlatform]
2022-07-04 12:42:17,019 INFO o.s.o.j.AbstractEntityManagerFactoryBean [restartedMain] Initialized JPA EntityManagerFactory for persistence unit 'default'
2022-07-04 12:42:17,055 WARN o.s.b.a.o.j.JpaBaseConfiguration$JpaWebConfiguration [restartedMain] spring.jpa.open-in-view is enabled by default. Therefore, database queries may be performed during view rendering. Explicitly configure spring.jpa.open-in-view to disable this warning
2022-07-04 12:42:17,322 INFO o.s.b.d.a.OptionalLiveReloadServer [restartedMain] LiveReload server is running on port 35729
2022-07-04 12:42:17,331 INFO o.a.j.l.DirectJDKLog [restartedMain] Starting ProtocolHandler ["http-nio-8020"]
2022-07-04 12:42:17,341 INFO o.s.b.w.e.t.TomcatWebServer [restartedMain] Tomcat started on port(s): 8020 (http) with context path ''
2022-07-04 12:42:17,347 INFO o.s.b.StartupInfoLogger [restartedMain] Started UserManagementApplication in 1.164 seconds (JVM running for 53.623)
2022-07-04 12:42:17,350 DEBUG c.c.UserManagementApplication [restartedMain] Debugging log
2022-07-04 12:42:17,350 INFO c.c.UserManagementApplication [restartedMain] Info log
2022-07-04 12:42:17,350 WARN c.c.UserManagementApplication [restartedMain] Hey, This is a warning!
2022-07-04 12:42:17,350 ERROR c.c.UserManagementApplication [restartedMain] Oops! We have an Error. OK
2022-07-04 12:42:17,351 FATAL c.c.UserManagementApplication [restartedMain] Damn! Fatal error. Please fix me.
2022-07-04 12:42:17,353 INFO o.s.b.d.a.ConditionEvaluationDeltaLoggingListener [restartedMain] Condition evaluation unchanged
2022-07-04 12:42:18,795 INFO o.s.o.j.AbstractEntityManagerFactoryBean [Thread-11] Closing JPA EntityManagerFactory for persistence unit 'default'
2022-07-04 12:42:18,798 INFO c.z.h.HikariDataSource [Thread-11] HikariPool-3 - Shutdown initiated...
2022-07-04 12:42:18,832 INFO c.z.h.HikariDataSource [Thread-11] HikariPool-3 - Shutdown completed.
2022-07-04 12:42:19,020 INFO o.s.b.StartupInfoLogger [restartedMain] Starting UserManagementApplication using Java 17.0.3 on LAPTOP-NHFPCA9R with PID 9260 (C:\sts\UserManagement\target\classes started by HP in C:\sts\UserManagement)
2022-07-04 12:42:19,023 DEBUG o.s.b.StartupInfoLogger [restartedMain] Running with Spring Boot v2.7.1, Spring v5.3.21
2022-07-04 12:42:19,023 INFO o.s.b.SpringApplication [restartedMain] No active profile set, falling back to 1 default profile: "default"
2022-07-04 12:42:19,384 INFO o.s.d.r.c.RepositoryConfigurationDelegate [restartedMain] Bootstrapping Spring Data JPA repositories in DEFAULT mode.
2022-07-04 12:42:19,403 INFO o.s.d.r.c.RepositoryConfigurationDelegate [restartedMain] Finished Spring Data repository scanning in 18 ms. Found 1 JPA repository interfaces.
2022-07-04 12:42:19,571 INFO o.s.b.w.e.t.TomcatWebServer [restartedMain] Tomcat initialized with port(s): 8020 (http)
2022-07-04 12:42:19,573 INFO o.a.j.l.DirectJDKLog [restartedMain] Initializing ProtocolHandler ["http-nio-8020"]
2022-07-04 12:42:19,574 INFO o.a.j.l.DirectJDKLog [restartedMain] Starting service [Tomcat]
2022-07-04 12:42:19,575 INFO o.a.j.l.DirectJDKLog [restartedMain] Starting Servlet engine: [Apache Tomcat/9.0.64]
2022-07-04 12:42:19,632 INFO o.a.j.l.DirectJDKLog [restartedMain] Initializing Spring embedded WebApplicationContext
2022-07-04 12:42:19,633 INFO o.s.b.w.s.c.ServletWebServerApplicationContext [restartedMain] Root WebApplicationContext: initialization completed in 604 ms
2022-07-04 12:42:19,693 INFO o.h.j.i.u.LogHelper [restartedMain] HHH000204: Processing PersistenceUnitInfo [name: default]
2022-07-04 12:42:19,703 INFO c.z.h.HikariDataSource [restartedMain] HikariPool-4 - Starting...
2022-07-04 12:42:19,729 INFO c.z.h.HikariDataSource [restartedMain] HikariPool-4 - Start completed.
2022-07-04 12:42:19,731 INFO o.h.d.Dialect [restartedMain] HHH000400: Using dialect: org.hibernate.dialect.MySQL8Dialect
2022-07-04 12:42:19,789 INFO o.h.e.t.j.p.i.JtaPlatformInitiator [restartedMain] HHH000490: Using JtaPlatform implementation: [org.hibernate.engine.transaction.jta.platform.internal.NoJtaPlatform]
2022-07-04 12:42:19,790 INFO o.s.o.j.AbstractEntityManagerFactoryBean [restartedMain] Initialized JPA EntityManagerFactory for persistence unit 'default'
2022-07-04 12:42:19,888 WARN o.s.b.a.o.j.JpaBaseConfiguration$JpaWebConfiguration [restartedMain] spring.jpa.open-in-view is enabled by default. Therefore, database queries may be performed during view rendering. Explicitly configure spring.jpa.open-in-view to disable this warning
2022-07-04 12:42:20,011 INFO o.s.b.d.a.OptionalLiveReloadServer [restartedMain] LiveReload server is running on port 35729
2022-07-04 12:42:20,019 INFO o.a.j.l.DirectJDKLog [restartedMain] Starting ProtocolHandler ["http-nio-8020"]
2022-07-04 12:42:20,026 INFO o.s.b.w.e.t.TomcatWebServer [restartedMain] Tomcat started on port(s): 8020 (http) with context path ''
2022-07-04 12:42:20,033 INFO o.s.b.StartupInfoLogger [restartedMain] Started UserManagementApplication in 1.113 seconds (JVM running for 56.309)
2022-07-04 12:42:20,034 DEBUG c.c.UserManagementApplication [restartedMain] Debugging log
2022-07-04 12:42:20,035 INFO c.c.UserManagementApplication [restartedMain] Info log
2022-07-04 12:42:20,035 WARN c.c.UserManagementApplication [restartedMain] Hey, This is a warning!
2022-07-04 12:42:20,035 ERROR c.c.UserManagementApplication [restartedMain] Oops! We have an Error. OK
2022-07-04 12:42:20,036 FATAL c.c.UserManagementApplication [restartedMain] Damn! Fatal error. Please fix me.
2022-07-04 12:42:20,037 INFO o.s.b.d.a.ConditionEvaluationDeltaLoggingListener [restartedMain] Condition evaluation unchanged
2022-07-04 12:55:34,371 INFO o.s.b.StartupInfoLogger [restartedMain] Starting UserManagementApplication using Java 17.0.3 on LAPTOP-NHFPCA9R with PID 18272 (C:\sts\UserManagement\target\classes started by HP in C:\sts\UserManagement)
2022-07-04 12:55:34,384 DEBUG o.s.b.StartupInfoLogger [restartedMain] Running with Spring Boot v2.7.1, Spring v5.3.21
2022-07-04 12:55:34,385 INFO o.s.b.SpringApplication [restartedMain] No active profile set, falling back to 1 default profile: "default"
2022-07-04 12:55:34,460 INFO o.s.b.l.DeferredLog [restartedMain] Devtools property defaults active! Set 'spring.devtools.add-properties' to 'false' to disable
2022-07-04 12:55:34,460 INFO o.s.b.l.DeferredLog [restartedMain] For additional web related logging consider setting the 'logging.level.web' property to 'DEBUG'
2022-07-04 12:55:35,156 INFO o.s.d.r.c.RepositoryConfigurationDelegate [restartedMain] Bootstrapping Spring Data JPA repositories in DEFAULT mode.
2022-07-04 12:55:35,226 INFO o.s.d.r.c.RepositoryConfigurationDelegate [restartedMain] Finished Spring Data repository scanning in 57 ms. Found 1 JPA repository interfaces.
2022-07-04 12:55:35,972 INFO o.s.b.w.e.t.TomcatWebServer [restartedMain] Tomcat initialized with port(s): 8020 (http)
2022-07-04 12:55:35,997 INFO o.a.j.l.DirectJDKLog [restartedMain] Initializing ProtocolHandler ["http-nio-8020"]
2022-07-04 12:55:35,998 INFO o.a.j.l.DirectJDKLog [restartedMain] Starting service [Tomcat]
2022-07-04 12:55:35,998 INFO o.a.j.l.DirectJDKLog [restartedMain] Starting Servlet engine: [Apache Tomcat/9.0.64]
2022-07-04 12:55:36,189 INFO o.a.j.l.DirectJDKLog [restartedMain] Initializing Spring embedded WebApplicationContext
2022-07-04 12:55:36,190 INFO o.s.b.w.s.c.ServletWebServerApplicationContext [restartedMain] Root WebApplicationContext: initialization completed in 1729 ms
2022-07-04 12:55:36,376 INFO o.h.j.i.u.LogHelper [restartedMain] HHH000204: Processing PersistenceUnitInfo [name: default]
2022-07-04 12:55:36,425 INFO o.h.Version [restartedMain] HHH000412: Hibernate ORM core version 5.6.9.Final
2022-07-04 12:55:36,594 INFO o.h.a.c.r.j.JavaReflectionManager [restartedMain] HCANN000001: Hibernate Commons Annotations {5.1.2.Final}
2022-07-04 12:55:36,707 INFO c.z.h.HikariDataSource [restartedMain] HikariPool-1 - Starting...
2022-07-04 12:55:37,030 INFO c.z.h.HikariDataSource [restartedMain] HikariPool-1 - Start completed.
2022-07-04 12:55:37,047 INFO o.h.d.Dialect [restartedMain] HHH000400: Using dialect: org.hibernate.dialect.MySQL8Dialect
2022-07-04 12:55:37,689 INFO o.h.e.t.j.p.i.JtaPlatformInitiator [restartedMain] HHH000490: Using JtaPlatform implementation: [org.hibernate.engine.transaction.jta.platform.internal.NoJtaPlatform]
2022-07-04 12:55:37,701 INFO o.s.o.j.AbstractEntityManagerFactoryBean [restartedMain] Initialized JPA EntityManagerFactory for persistence unit 'default'
2022-07-04 12:55:38,056 WARN o.s.b.a.o.j.JpaBaseConfiguration$JpaWebConfiguration [restartedMain] spring.jpa.open-in-view is enabled by default. Therefore, database queries may be performed during view rendering. Explicitly configure spring.jpa.open-in-view to disable this warning
2022-07-04 12:55:38,412 INFO o.s.b.d.a.OptionalLiveReloadServer [restartedMain] LiveReload server is running on port 35729
2022-07-04 12:55:38,426 INFO o.a.j.l.DirectJDKLog [restartedMain] Starting ProtocolHandler ["http-nio-8020"]
2022-07-04 12:55:38,454 INFO o.s.b.w.e.t.TomcatWebServer [restartedMain] Tomcat started on port(s): 8020 (http) with context path ''
2022-07-04 12:55:38,467 INFO o.s.b.StartupInfoLogger [restartedMain] Started UserManagementApplication in 4.475 seconds (JVM running for 5.613)
2022-07-04 12:55:38,470 DEBUG c.c.UserManagementApplication [restartedMain] Debugging log
2022-07-04 12:55:38,471 INFO c.c.UserManagementApplication [restartedMain] Info log
2022-07-04 12:55:38,471 WARN c.c.UserManagementApplication [restartedMain] Hey, This is a warning!
2022-07-04 12:55:38,471 ERROR c.c.UserManagementApplication [restartedMain] Oops! We have an Error. OK
2022-07-04 12:55:38,471 FATAL c.c.UserManagementApplication [restartedMain] Damn! Fatal error. Please fix me.
2022-07-04 13:06:30,739 INFO o.s.o.j.AbstractEntityManagerFactoryBean [Thread-5] Closing JPA EntityManagerFactory for persistence unit 'default'
2022-07-04 13:06:30,742 INFO c.z.h.HikariDataSource [Thread-5] HikariPool-1 - Shutdown initiated...
2022-07-04 13:06:30,749 INFO c.z.h.HikariDataSource [Thread-5] HikariPool-1 - Shutdown completed.
2022-07-04 13:06:30,832 INFO o.s.b.StartupInfoLogger [restartedMain] Starting UserManagementApplication using Java 17.0.3 on LAPTOP-NHFPCA9R with PID 18272 (C:\sts\UserManagement\target\classes started by HP in C:\sts\UserManagement)
2022-07-04 13:06:30,833 DEBUG o.s.b.StartupInfoLogger [restartedMain] Running with Spring Boot v2.7.1, Spring v5.3.21
2022-07-04 13:06:30,834 INFO o.s.b.SpringApplication [restartedMain] No active profile set, falling back to 1 default profile: "default"
2022-07-04 13:07:55,010 INFO o.s.b.StartupInfoLogger [restartedMain] Starting UserManagementApplication using Java 17.0.3 on LAPTOP-NHFPCA9R with PID 13652 (C:\sts\UserManagement\target\classes started by HP in C:\sts\UserManagement)
2022-07-04 13:07:55,021 DEBUG o.s.b.StartupInfoLogger [restartedMain] Running with Spring Boot v2.7.1, Spring v5.3.21
2022-07-04 13:07:55,023 INFO o.s.b.SpringApplication [restartedMain] No active profile set, falling back to 1 default profile: "default"
2022-07-04 13:07:55,083 INFO o.s.b.l.DeferredLog [restartedMain] Devtools property defaults active! Set 'spring.devtools.add-properties' to 'false' to disable
2022-07-04 13:07:55,084 INFO o.s.b.l.DeferredLog [restartedMain] For additional web related logging consider setting the 'logging.level.web' property to 'DEBUG'
2022-07-04 13:07:55,781 INFO o.s.d.r.c.RepositoryConfigurationDelegate [restartedMain] Bootstrapping Spring Data JPA repositories in DEFAULT mode.
2022-07-04 13:07:55,849 INFO o.s.d.r.c.RepositoryConfigurationDelegate [restartedMain] Finished Spring Data repository scanning in 55 ms. Found 1 JPA repository interfaces.
2022-07-04 13:07:56,567 INFO o.s.b.w.e.t.TomcatWebServer [restartedMain] Tomcat initialized with port(s): 8020 (http)
2022-07-04 13:07:56,592 INFO o.a.j.l.DirectJDKLog [restartedMain] Initializing ProtocolHandler ["http-nio-8020"]
2022-07-04 13:07:56,593 INFO o.a.j.l.DirectJDKLog [restartedMain] Starting service [Tomcat]
2022-07-04 13:07:56,594 INFO o.a.j.l.DirectJDKLog [restartedMain] Starting Servlet engine: [Apache Tomcat/9.0.64]
2022-07-04 13:07:56,785 INFO o.a.j.l.DirectJDKLog [restartedMain] Initializing Spring embedded WebApplicationContext
2022-07-04 13:07:56,786 INFO o.s.b.w.s.c.ServletWebServerApplicationContext [restartedMain] Root WebApplicationContext: initialization completed in 1701 ms
2022-07-04 13:07:56,954 INFO o.h.j.i.u.LogHelper [restartedMain] HHH000204: Processing PersistenceUnitInfo [name: default]
2022-07-04 13:07:57,001 INFO o.h.Version [restartedMain] HHH000412: Hibernate ORM core version 5.6.9.Final
2022-07-04 13:07:57,152 INFO o.h.a.c.r.j.JavaReflectionManager [restartedMain] HCANN000001: Hibernate Commons Annotations {5.1.2.Final}
2022-07-04 13:07:57,255 INFO c.z.h.HikariDataSource [restartedMain] HikariPool-1 - Starting...
2022-07-04 13:07:57,560 INFO c.z.h.HikariDataSource [restartedMain] HikariPool-1 - Start completed.
2022-07-04 13:07:57,577 INFO o.h.d.Dialect [restartedMain] HHH000400: Using dialect: org.hibernate.dialect.MySQL8Dialect
2022-07-04 13:07:58,229 INFO o.h.e.t.j.p.i.JtaPlatformInitiator [restartedMain] HHH000490: Using JtaPlatform implementation: [org.hibernate.engine.transaction.jta.platform.internal.NoJtaPlatform]
2022-07-04 13:07:58,240 INFO o.s.o.j.AbstractEntityManagerFactoryBean [restartedMain] Initialized JPA EntityManagerFactory for persistence unit 'default'
2022-07-04 13:07:58,563 WARN o.s.b.a.o.j.JpaBaseConfiguration$JpaWebConfiguration [restartedMain] spring.jpa.open-in-view is enabled by default. Therefore, database queries may be performed during view rendering. Explicitly configure spring.jpa.open-in-view to disable this warning
2022-07-04 13:07:58,903 INFO o.s.b.d.a.OptionalLiveReloadServer [restartedMain] LiveReload server is running on port 35729
2022-07-04 13:07:58,918 INFO o.a.j.l.DirectJDKLog [restartedMain] Starting ProtocolHandler ["http-nio-8020"]
2022-07-04 13:07:58,957 INFO o.s.b.w.e.t.TomcatWebServer [restartedMain] Tomcat started on port(s): 8020 (http) with context path ''
2022-07-04 13:07:58,968 INFO o.s.b.StartupInfoLogger [restartedMain] Started UserManagementApplication in 4.335 seconds (JVM running for 5.364)
2022-07-04 13:07:58,970 DEBUG c.c.UserManagementApplication [restartedMain] Debugging log
2022-07-04 13:07:58,971 INFO c.c.UserManagementApplication [restartedMain] Info log
2022-07-04 13:07:58,971 WARN c.c.UserManagementApplication [restartedMain] Hey, This is a warning!
2022-07-04 13:07:58,971 ERROR c.c.UserManagementApplication [restartedMain] Oops! We have an Error. OK
2022-07-04 13:07:58,971 FATAL c.c.UserManagementApplication [restartedMain] Damn! Fatal error. Please fix me.
